

[INFO ] 2018-01-23 14:14:31,105 method:org.springframework.web.context.ContextLoader.initWebApplicationContext(ContextLoader.java:307)
Root WebApplicationContext: initialization started


[INFO ] 2018-01-23 14:14:31,383 method:org.springframework.context.support.AbstractApplicationContext.prepareRefresh(AbstractApplicationContext.java:578)
Refreshing Root WebApplicationContext: startup date [Tue Jan 23 14:14:31 CST 2018]; root of context hierarchy


[INFO ] 2018-01-23 14:14:31,479 method:org.springframework.beans.factory.xml.XmlBeanDefinitionReader.loadBeanDefinitions(XmlBeanDefinitionReader.java:317)
Loading XML bean definitions from class path resource [spring/spring-context.xml]


[INFO ] 2018-01-23 14:14:32,533 method:org.springframework.core.io.support.PropertiesLoaderSupport.loadProperties(PropertiesLoaderSupport.java:172)
Loading properties file from class path resource [db.properties]


[INFO ] 2018-01-23 14:14:32,556 method:org.springframework.beans.factory.annotation.AutowiredAnnotationBeanPostProcessor.<init>(AutowiredAnnotationBeanPostProcessor.java:153)
JSR-330 'javax.inject.Inject' annotation found and supported for autowiring


[INFO ] 2018-01-23 14:14:33,675 method:com.alibaba.druid.pool.DruidDataSource.init(DruidDataSource.java:655)
{dataSource-1} inited


[WARN ] 2018-01-23 14:14:34,644 method:org.springframework.context.support.AbstractApplicationContext.refresh(AbstractApplicationContext.java:546)
Exception encountered during context initialization - cancelling refresh attempt: org.springframework.beans.factory.BeanCreationException: Error creating bean with name 'companyController': Injection of autowired dependencies failed; nested exception is org.springframework.beans.factory.BeanCreationException: Could not autowire field: private com.dawn.service.TbCompanyService com.dawn.controller.CompanyController.tbCompanyService; nested exception is org.springframework.beans.factory.BeanCreationException: Error creating bean with name 'tbCompanyServiceImpl': Injection of autowired dependencies failed; nested exception is org.springframework.beans.factory.BeanCreationException: Could not autowire field: private java.lang.String com.dawn.service.impl.TbCompanyServiceImpl.COMPANY_URL; nested exception is java.lang.IllegalArgumentException: Could not resolve placeholder 'COMPANY_URL' in string value "${COMPANY_URL}"


[ERROR] 2018-01-23 14:14:34,649 method:org.springframework.web.context.ContextLoader.initWebApplicationContext(ContextLoader.java:353)
Context initialization failed
org.springframework.beans.factory.BeanCreationException: Error creating bean with name 'companyController': Injection of autowired dependencies failed; nested exception is org.springframework.beans.factory.BeanCreationException: Could not autowire field: private com.dawn.service.TbCompanyService com.dawn.controller.CompanyController.tbCompanyService; nested exception is org.springframework.beans.factory.BeanCreationException: Error creating bean with name 'tbCompanyServiceImpl': Injection of autowired dependencies failed; nested exception is org.springframework.beans.factory.BeanCreationException: Could not autowire field: private java.lang.String com.dawn.service.impl.TbCompanyServiceImpl.COMPANY_URL; nested exception is java.lang.IllegalArgumentException: Could not resolve placeholder 'COMPANY_URL' in string value "${COMPANY_URL}"
	at org.springframework.beans.factory.annotation.AutowiredAnnotationBeanPostProcessor.postProcessPropertyValues(AutowiredAnnotationBeanPostProcessor.java:334)
	at org.springframework.beans.factory.support.AbstractAutowireCapableBeanFactory.populateBean(AbstractAutowireCapableBeanFactory.java:1214)
	at org.springframework.beans.factory.support.AbstractAutowireCapableBeanFactory.doCreateBean(AbstractAutowireCapableBeanFactory.java:543)
	at org.springframework.beans.factory.support.AbstractAutowireCapableBeanFactory.createBean(AbstractAutowireCapableBeanFactory.java:482)
	at org.springframework.beans.factory.support.AbstractBeanFactory$1.getObject(AbstractBeanFactory.java:306)
	at org.springframework.beans.factory.support.DefaultSingletonBeanRegistry.getSingleton(DefaultSingletonBeanRegistry.java:230)
	at org.springframework.beans.factory.support.AbstractBeanFactory.doGetBean(AbstractBeanFactory.java:302)
	at org.springframework.beans.factory.support.AbstractBeanFactory.getBean(AbstractBeanFactory.java:197)
	at org.springframework.beans.factory.support.DefaultListableBeanFactory.preInstantiateSingletons(DefaultListableBeanFactory.java:772)
	at org.springframework.context.support.AbstractApplicationContext.finishBeanFactoryInitialization(AbstractApplicationContext.java:839)
	at org.springframework.context.support.AbstractApplicationContext.refresh(AbstractApplicationContext.java:538)
	at org.springframework.web.context.ContextLoader.configureAndRefreshWebApplicationContext(ContextLoader.java:446)
	at org.springframework.web.context.ContextLoader.initWebApplicationContext(ContextLoader.java:328)
	at org.springframework.web.context.ContextLoaderListener.contextInitialized(ContextLoaderListener.java:107)
	at org.eclipse.jetty.server.handler.ContextHandler.callContextInitialized(ContextHandler.java:865)
	at org.eclipse.jetty.servlet.ServletContextHandler.callContextInitialized(ServletContextHandler.java:532)
	at org.eclipse.jetty.server.handler.ContextHandler.startContext(ContextHandler.java:828)
	at org.eclipse.jetty.servlet.ServletContextHandler.startContext(ServletContextHandler.java:344)
	at org.eclipse.jetty.webapp.WebAppContext.startWebapp(WebAppContext.java:1480)
	at org.eclipse.jetty.maven.plugin.JettyWebAppContext.startWebapp(JettyWebAppContext.java:357)
	at org.eclipse.jetty.webapp.WebAppContext.startContext(WebAppContext.java:1442)
	at org.eclipse.jetty.server.handler.ContextHandler.doStart(ContextHandler.java:788)
	at org.eclipse.jetty.servlet.ServletContextHandler.doStart(ServletContextHandler.java:261)
	at org.eclipse.jetty.webapp.WebAppContext.doStart(WebAppContext.java:540)
	at org.eclipse.jetty.maven.plugin.JettyWebAppContext.doStart(JettyWebAppContext.java:432)
	at org.eclipse.jetty.util.component.AbstractLifeCycle.start(AbstractLifeCycle.java:68)
	at org.eclipse.jetty.util.component.ContainerLifeCycle.start(ContainerLifeCycle.java:131)
	at org.eclipse.jetty.util.component.ContainerLifeCycle.doStart(ContainerLifeCycle.java:113)
	at org.eclipse.jetty.server.handler.AbstractHandler.doStart(AbstractHandler.java:113)
	at org.eclipse.jetty.server.handler.ContextHandlerCollection.doStart(ContextHandlerCollection.java:161)
	at org.eclipse.jetty.util.component.AbstractLifeCycle.start(AbstractLifeCycle.java:68)
	at org.eclipse.jetty.util.component.ContainerLifeCycle.start(ContainerLifeCycle.java:131)
	at org.eclipse.jetty.util.component.ContainerLifeCycle.doStart(ContainerLifeCycle.java:113)
	at org.eclipse.jetty.server.handler.AbstractHandler.doStart(AbstractHandler.java:113)
	at org.eclipse.jetty.util.component.AbstractLifeCycle.start(AbstractLifeCycle.java:68)
	at org.eclipse.jetty.util.component.ContainerLifeCycle.start(ContainerLifeCycle.java:131)
	at org.eclipse.jetty.server.Server.start(Server.java:452)
	at org.eclipse.jetty.util.component.ContainerLifeCycle.doStart(ContainerLifeCycle.java:105)
	at org.eclipse.jetty.server.handler.AbstractHandler.doStart(AbstractHandler.java:113)
	at org.eclipse.jetty.server.Server.doStart(Server.java:419)
	at org.eclipse.jetty.util.component.AbstractLifeCycle.start(AbstractLifeCycle.java:68)
	at org.eclipse.jetty.maven.plugin.AbstractJettyMojo.startJetty(AbstractJettyMojo.java:460)
	at org.eclipse.jetty.maven.plugin.AbstractJettyMojo.execute(AbstractJettyMojo.java:328)
	at org.eclipse.jetty.maven.plugin.JettyRunMojo.execute(JettyRunMojo.java:170)
	at org.apache.maven.plugin.DefaultBuildPluginManager.executeMojo(DefaultBuildPluginManager.java:101)
	at org.apache.maven.lifecycle.internal.MojoExecutor.execute(MojoExecutor.java:209)
	at org.apache.maven.lifecycle.internal.MojoExecutor.execute(MojoExecutor.java:153)
	at org.apache.maven.lifecycle.internal.MojoExecutor.execute(MojoExecutor.java:145)
	at org.apache.maven.lifecycle.internal.LifecycleModuleBuilder.buildProject(LifecycleModuleBuilder.java:84)
	at org.apache.maven.lifecycle.internal.LifecycleModuleBuilder.buildProject(LifecycleModuleBuilder.java:59)
	at org.apache.maven.lifecycle.internal.LifecycleStarter.singleThreadedBuild(LifecycleStarter.java:183)
	at org.apache.maven.lifecycle.internal.LifecycleStarter.execute(LifecycleStarter.java:161)
	at org.apache.maven.DefaultMaven.doExecute(DefaultMaven.java:320)
	at org.apache.maven.DefaultMaven.execute(DefaultMaven.java:156)
	at org.apache.maven.cli.MavenCli.execute(MavenCli.java:537)
	at org.apache.maven.cli.MavenCli.doMain(MavenCli.java:196)
	at org.apache.maven.cli.MavenCli.main(MavenCli.java:141)
	at sun.reflect.NativeMethodAccessorImpl.invoke0(Native Method)
	at sun.reflect.NativeMethodAccessorImpl.invoke(NativeMethodAccessorImpl.java:62)
	at sun.reflect.DelegatingMethodAccessorImpl.invoke(DelegatingMethodAccessorImpl.java:43)
	at java.lang.reflect.Method.invoke(Method.java:498)
	at org.codehaus.plexus.classworlds.launcher.Launcher.launchEnhanced(Launcher.java:290)
	at org.codehaus.plexus.classworlds.launcher.Launcher.launch(Launcher.java:230)
	at org.codehaus.plexus.classworlds.launcher.Launcher.mainWithExitCode(Launcher.java:409)
	at org.codehaus.plexus.classworlds.launcher.Launcher.main(Launcher.java:352)
	at org.codehaus.classworlds.Launcher.main(Launcher.java:47)
Caused by: org.springframework.beans.factory.BeanCreationException: Could not autowire field: private com.dawn.service.TbCompanyService com.dawn.controller.CompanyController.tbCompanyService; nested exception is org.springframework.beans.factory.BeanCreationException: Error creating bean with name 'tbCompanyServiceImpl': Injection of autowired dependencies failed; nested exception is org.springframework.beans.factory.BeanCreationException: Could not autowire field: private java.lang.String com.dawn.service.impl.TbCompanyServiceImpl.COMPANY_URL; nested exception is java.lang.IllegalArgumentException: Could not resolve placeholder 'COMPANY_URL' in string value "${COMPANY_URL}"
	at org.springframework.beans.factory.annotation.AutowiredAnnotationBeanPostProcessor$AutowiredFieldElement.inject(AutowiredAnnotationBeanPostProcessor.java:573)
	at org.springframework.beans.factory.annotation.InjectionMetadata.inject(InjectionMetadata.java:88)
	at org.springframework.beans.factory.annotation.AutowiredAnnotationBeanPostProcessor.postProcessPropertyValues(AutowiredAnnotationBeanPostProcessor.java:331)
	... 65 more
Caused by: org.springframework.beans.factory.BeanCreationException: Error creating bean with name 'tbCompanyServiceImpl': Injection of autowired dependencies failed; nested exception is org.springframework.beans.factory.BeanCreationException: Could not autowire field: private java.lang.String com.dawn.service.impl.TbCompanyServiceImpl.COMPANY_URL; nested exception is java.lang.IllegalArgumentException: Could not resolve placeholder 'COMPANY_URL' in string value "${COMPANY_URL}"
	at org.springframework.beans.factory.annotation.AutowiredAnnotationBeanPostProcessor.postProcessPropertyValues(AutowiredAnnotationBeanPostProcessor.java:334)
	at org.springframework.beans.factory.support.AbstractAutowireCapableBeanFactory.populateBean(AbstractAutowireCapableBeanFactory.java:1214)
	at org.springframework.beans.factory.support.AbstractAutowireCapableBeanFactory.doCreateBean(AbstractAutowireCapableBeanFactory.java:543)
	at org.springframework.beans.factory.support.AbstractAutowireCapableBeanFactory.createBean(AbstractAutowireCapableBeanFactory.java:482)
	at org.springframework.beans.factory.support.AbstractBeanFactory$1.getObject(AbstractBeanFactory.java:306)
	at org.springframework.beans.factory.support.DefaultSingletonBeanRegistry.getSingleton(DefaultSingletonBeanRegistry.java:230)
	at org.springframework.beans.factory.support.AbstractBeanFactory.doGetBean(AbstractBeanFactory.java:302)
	at org.springframework.beans.factory.support.AbstractBeanFactory.getBean(AbstractBeanFactory.java:197)
	at org.springframework.beans.factory.support.DefaultListableBeanFactory.findAutowireCandidates(DefaultListableBeanFactory.java:1192)
	at org.springframework.beans.factory.support.DefaultListableBeanFactory.doResolveDependency(DefaultListableBeanFactory.java:1116)
	at org.springframework.beans.factory.support.DefaultListableBeanFactory.resolveDependency(DefaultListableBeanFactory.java:1014)
	at org.springframework.beans.factory.annotation.AutowiredAnnotationBeanPostProcessor$AutowiredFieldElement.inject(AutowiredAnnotationBeanPostProcessor.java:545)
	... 67 more
Caused by: org.springframework.beans.factory.BeanCreationException: Could not autowire field: private java.lang.String com.dawn.service.impl.TbCompanyServiceImpl.COMPANY_URL; nested exception is java.lang.IllegalArgumentException: Could not resolve placeholder 'COMPANY_URL' in string value "${COMPANY_URL}"
	at org.springframework.beans.factory.annotation.AutowiredAnnotationBeanPostProcessor$AutowiredFieldElement.inject(AutowiredAnnotationBeanPostProcessor.java:573)
	at org.springframework.beans.factory.annotation.InjectionMetadata.inject(InjectionMetadata.java:88)
	at org.springframework.beans.factory.annotation.AutowiredAnnotationBeanPostProcessor.postProcessPropertyValues(AutowiredAnnotationBeanPostProcessor.java:331)
	... 78 more
Caused by: java.lang.IllegalArgumentException: Could not resolve placeholder 'COMPANY_URL' in string value "${COMPANY_URL}"
	at org.springframework.util.PropertyPlaceholderHelper.parseStringValue(PropertyPlaceholderHelper.java:174)
	at org.springframework.util.PropertyPlaceholderHelper.replacePlaceholders(PropertyPlaceholderHelper.java:126)
	at org.springframework.core.env.AbstractPropertyResolver.doResolvePlaceholders(AbstractPropertyResolver.java:204)
	at org.springframework.core.env.AbstractPropertyResolver.resolveRequiredPlaceholders(AbstractPropertyResolver.java:178)
	at org.springframework.context.support.PropertySourcesPlaceholderConfigurer$2.resolveStringValue(PropertySourcesPlaceholderConfigurer.java:172)
	at org.springframework.beans.factory.support.AbstractBeanFactory.resolveEmbeddedValue(AbstractBeanFactory.java:808)
	at org.springframework.beans.factory.support.DefaultListableBeanFactory.doResolveDependency(DefaultListableBeanFactory.java:1027)
	at org.springframework.beans.factory.support.DefaultListableBeanFactory.resolveDependency(DefaultListableBeanFactory.java:1014)
	at org.springframework.beans.factory.annotation.AutowiredAnnotationBeanPostProcessor$AutowiredFieldElement.inject(AutowiredAnnotationBeanPostProcessor.java:545)
	... 80 more


[INFO ] 2018-01-23 14:21:24,642 method:org.springframework.web.context.ContextLoader.initWebApplicationContext(ContextLoader.java:307)
Root WebApplicationContext: initialization started


[INFO ] 2018-01-23 14:21:24,910 method:org.springframework.context.support.AbstractApplicationContext.prepareRefresh(AbstractApplicationContext.java:578)
Refreshing Root WebApplicationContext: startup date [Tue Jan 23 14:21:24 CST 2018]; root of context hierarchy


[INFO ] 2018-01-23 14:21:25,007 method:org.springframework.beans.factory.xml.XmlBeanDefinitionReader.loadBeanDefinitions(XmlBeanDefinitionReader.java:317)
Loading XML bean definitions from class path resource [spring/spring-context.xml]


[INFO ] 2018-01-23 14:21:26,324 method:org.springframework.core.io.support.PropertiesLoaderSupport.loadProperties(PropertiesLoaderSupport.java:172)
Loading properties file from class path resource [db.properties]


[INFO ] 2018-01-23 14:21:26,325 method:org.springframework.core.io.support.PropertiesLoaderSupport.loadProperties(PropertiesLoaderSupport.java:172)
Loading properties file from class path resource [url.properties]


[INFO ] 2018-01-23 14:21:26,348 method:org.springframework.beans.factory.annotation.AutowiredAnnotationBeanPostProcessor.<init>(AutowiredAnnotationBeanPostProcessor.java:153)
JSR-330 'javax.inject.Inject' annotation found and supported for autowiring


[INFO ] 2018-01-23 14:21:27,632 method:com.alibaba.druid.pool.DruidDataSource.init(DruidDataSource.java:655)
{dataSource-1} inited


[INFO ] 2018-01-23 14:21:28,906 method:org.springframework.web.context.ContextLoader.initWebApplicationContext(ContextLoader.java:347)
Root WebApplicationContext: initialization completed in 4257 ms


[INFO ] 2018-01-23 14:21:29,045 method:org.springframework.web.servlet.FrameworkServlet.initServletBean(FrameworkServlet.java:489)
FrameworkServlet 'springmvc': initialization started


[INFO ] 2018-01-23 14:21:29,049 method:org.springframework.context.support.AbstractApplicationContext.prepareRefresh(AbstractApplicationContext.java:578)
Refreshing WebApplicationContext for namespace 'springmvc-servlet': startup date [Tue Jan 23 14:21:29 CST 2018]; parent: Root WebApplicationContext


[INFO ] 2018-01-23 14:21:29,050 method:org.springframework.beans.factory.xml.XmlBeanDefinitionReader.loadBeanDefinitions(XmlBeanDefinitionReader.java:317)
Loading XML bean definitions from class path resource [spring/springmvc.xml]


[INFO ] 2018-01-23 14:21:29,493 method:org.springframework.beans.factory.annotation.AutowiredAnnotationBeanPostProcessor.<init>(AutowiredAnnotationBeanPostProcessor.java:153)
JSR-330 'javax.inject.Inject' annotation found and supported for autowiring


[INFO ] 2018-01-23 14:21:29,850 method:org.springframework.web.servlet.handler.AbstractHandlerMethodMapping$MappingRegistry.register(AbstractHandlerMethodMapping.java:527)
Mapped "{[/category/list/{companyId}]}" onto public java.util.List<com.dawn.dto.CompanyDto> com.dawn.controller.CompanyController.selectCompanyId(long)


[INFO ] 2018-01-23 14:21:29,852 method:org.springframework.web.servlet.handler.AbstractHandlerMethodMapping$MappingRegistry.register(AbstractHandlerMethodMapping.java:527)
Mapped "{[/company/toauditStatus]}" onto public java.lang.String com.dawn.controller.CompanyController.toauditStatus3()


[INFO ] 2018-01-23 14:21:29,853 method:org.springframework.web.servlet.handler.AbstractHandlerMethodMapping$MappingRegistry.register(AbstractHandlerMethodMapping.java:527)
Mapped "{[/company/delete]}" onto public com.dawn.util.MsgUtil com.dawn.controller.CompanyController.deleteCompany(long)


[INFO ] 2018-01-23 14:21:29,853 method:org.springframework.web.servlet.handler.AbstractHandlerMethodMapping$MappingRegistry.register(AbstractHandlerMethodMapping.java:527)
Mapped "{[/company/auditStatus]}" onto public java.util.List<com.dawn.pojo.TbCompany> com.dawn.controller.CompanyController.auditStatus2(java.lang.Integer)


[INFO ] 2018-01-23 14:21:29,858 method:org.springframework.web.servlet.handler.AbstractHandlerMethodMapping$MappingRegistry.register(AbstractHandlerMethodMapping.java:527)
Mapped "{[/companyTitle/selectByCompanyName/{param}]}" onto public java.util.List<com.dawn.pojo.TbCompany> com.dawn.controller.CompanyTitleController.getByName(java.lang.String,javax.servlet.http.HttpServletRequest)


[INFO ] 2018-01-23 14:21:29,859 method:org.springframework.web.servlet.handler.AbstractHandlerMethodMapping$MappingRegistry.register(AbstractHandlerMethodMapping.java:527)
Mapped "{[/companyTitle/updateAskNum]}" onto public com.dawn.util.DawnResult com.dawn.controller.CompanyTitleController.updateAskNum(com.dawn.dto.CompanyTatilDto,javax.servlet.http.HttpSession)


[INFO ] 2018-01-23 14:21:29,860 method:org.springframework.web.servlet.handler.AbstractHandlerMethodMapping$MappingRegistry.register(AbstractHandlerMethodMapping.java:527)
Mapped "{[/companyTitle/insertAsk]}" onto public com.dawn.util.DawnResult com.dawn.controller.CompanyTitleController.insertAsk(com.dawn.dto.CompanyTatilDto,javax.servlet.http.HttpSession)


[INFO ] 2018-01-23 14:21:29,860 method:org.springframework.web.servlet.handler.AbstractHandlerMethodMapping$MappingRegistry.register(AbstractHandlerMethodMapping.java:527)
Mapped "{[/companyTitle/selectByTitleId/{titleId}]}" onto public java.util.List com.dawn.controller.CompanyTitleController.getCompanyTitlebyTitleId(java.lang.Long,javax.servlet.http.HttpSession)


[INFO ] 2018-01-23 14:21:29,860 method:org.springframework.web.servlet.handler.AbstractHandlerMethodMapping$MappingRegistry.register(AbstractHandlerMethodMapping.java:527)
Mapped "{[/companyTitle/selectAllCompanyId]}" onto public java.util.List<com.dawn.pojo.TbCompany> com.dawn.controller.CompanyTitleController.selectAllCompanyId()


[INFO ] 2018-01-23 14:21:29,864 method:org.springframework.web.servlet.handler.AbstractHandlerMethodMapping$MappingRegistry.register(AbstractHandlerMethodMapping.java:527)
Mapped "{[/]}" onto public java.lang.String com.dawn.controller.Pagecontroller.index()


[INFO ] 2018-01-23 14:21:29,870 method:org.springframework.web.servlet.handler.AbstractHandlerMethodMapping$MappingRegistry.register(AbstractHandlerMethodMapping.java:527)
Mapped "{[/{page}/{categoryId}]}" onto public java.lang.String com.dawn.controller.Pagecontroller.page(java.lang.String,java.lang.String,org.springframework.ui.Model)


[INFO ] 2018-01-23 14:21:29,871 method:org.springframework.web.servlet.handler.AbstractHandlerMethodMapping$MappingRegistry.register(AbstractHandlerMethodMapping.java:527)
Mapped "{[/{page}]}" onto public java.lang.String com.dawn.controller.Pagecontroller.page(java.lang.String)


[INFO ] 2018-01-23 14:21:29,874 method:org.springframework.web.servlet.handler.AbstractHandlerMethodMapping$MappingRegistry.register(AbstractHandlerMethodMapping.java:527)
Mapped "{[/sysPsermission/saveTree]}" onto public java.util.Map com.dawn.controller.SysPermissionController.savePerssion(java.lang.String,java.lang.String,java.lang.Long,java.lang.String)


[INFO ] 2018-01-23 14:21:29,875 method:org.springframework.web.servlet.handler.AbstractHandlerMethodMapping$MappingRegistry.register(AbstractHandlerMethodMapping.java:527)
Mapped "{[/sysPsermission/updateTree]}" onto public java.util.Map com.dawn.controller.SysPermissionController.updateTree(java.lang.String,java.lang.String,java.lang.Integer,java.lang.String)


[INFO ] 2018-01-23 14:21:29,879 method:org.springframework.web.servlet.handler.AbstractHandlerMethodMapping$MappingRegistry.register(AbstractHandlerMethodMapping.java:527)
Mapped "{[/sysPsermission/deleteTree]}" onto public java.util.Map com.dawn.controller.SysPermissionController.deleteTree(java.lang.Integer)


[INFO ] 2018-01-23 14:21:29,881 method:org.springframework.web.servlet.handler.AbstractHandlerMethodMapping$MappingRegistry.register(AbstractHandlerMethodMapping.java:527)
Mapped "{[/sysPsermission/selectParentIdPermission]}" onto public java.util.List<com.dawn.pojo.SysPermission> com.dawn.controller.SysPermissionController.selectParentIdPermission(int)


[INFO ] 2018-01-23 14:21:29,887 method:org.springframework.web.servlet.handler.AbstractHandlerMethodMapping$MappingRegistry.register(AbstractHandlerMethodMapping.java:527)
Mapped "{[/sysrole/updateSysRole]}" onto public java.lang.String com.dawn.controller.SysRoleController.updateSysRole(java.lang.Integer,java.lang.String,java.lang.String)


[INFO ] 2018-01-23 14:21:29,888 method:org.springframework.web.servlet.handler.AbstractHandlerMethodMapping$MappingRegistry.register(AbstractHandlerMethodMapping.java:527)
Mapped "{[/sysrole/addSysRole]}" onto public java.lang.String com.dawn.controller.SysRoleController.addSysRole(java.lang.String,java.lang.String)


[INFO ] 2018-01-23 14:21:29,888 method:org.springframework.web.servlet.handler.AbstractHandlerMethodMapping$MappingRegistry.register(AbstractHandlerMethodMapping.java:527)
Mapped "{[/sysrole/deleteSysRole]}" onto public java.util.Map com.dawn.controller.SysRoleController.deleteSysRole(java.lang.String)


[INFO ] 2018-01-23 14:21:29,889 method:org.springframework.web.servlet.handler.AbstractHandlerMethodMapping$MappingRegistry.register(AbstractHandlerMethodMapping.java:527)
Mapped "{[/sysrole/findSysRoleAll]}" onto public com.dawn.util.Result com.dawn.controller.SysRoleController.findSysRoleAll(int,int)


[INFO ] 2018-01-23 14:21:29,889 method:org.springframework.web.servlet.handler.AbstractHandlerMethodMapping$MappingRegistry.register(AbstractHandlerMethodMapping.java:527)
Mapped "{[/sysrole/saveRole]}" onto public java.util.Map com.dawn.controller.SysRoleController.saveRole(java.lang.String,java.lang.String)


[INFO ] 2018-01-23 14:21:29,890 method:org.springframework.web.servlet.handler.AbstractHandlerMethodMapping$MappingRegistry.register(AbstractHandlerMethodMapping.java:527)
Mapped "{[/sysrole/selectParentIdPermission]}" onto public java.util.List<com.dawn.pojo.SysPermission> com.dawn.controller.SysRoleController.selectParentIdPermission(int,java.lang.String)


[INFO ] 2018-01-23 14:21:29,891 method:org.springframework.web.servlet.handler.AbstractHandlerMethodMapping$MappingRegistry.register(AbstractHandlerMethodMapping.java:527)
Mapped "{[/loginuser]}" onto public java.lang.String com.dawn.controller.SysUserController.login(java.lang.String,java.lang.String,org.springframework.ui.Model,javax.servlet.http.HttpSession)


[INFO ] 2018-01-23 14:21:29,891 method:org.springframework.web.servlet.handler.AbstractHandlerMethodMapping$MappingRegistry.register(AbstractHandlerMethodMapping.java:527)
Mapped "{[/updateSysUser]}" onto public java.lang.String com.dawn.controller.SysUserController.updateSysRole(com.dawn.pojo.SysUser)


[INFO ] 2018-01-23 14:21:29,894 method:org.springframework.web.servlet.handler.AbstractHandlerMethodMapping$MappingRegistry.register(AbstractHandlerMethodMapping.java:527)
Mapped "{[/addSysUser]}" onto public java.util.Map com.dawn.controller.SysUserController.addSysRole(com.dawn.pojo.SysUser,int)


[INFO ] 2018-01-23 14:21:29,895 method:org.springframework.web.servlet.handler.AbstractHandlerMethodMapping$MappingRegistry.register(AbstractHandlerMethodMapping.java:527)
Mapped "{[/deleteSysUser]}" onto public java.util.Map com.dawn.controller.SysUserController.deleteSysRole(java.lang.String)


[INFO ] 2018-01-23 14:21:29,896 method:org.springframework.web.servlet.handler.AbstractHandlerMethodMapping$MappingRegistry.register(AbstractHandlerMethodMapping.java:527)
Mapped "{[/findUserAll]}" onto public com.dawn.util.Result com.dawn.controller.SysUserController.findSysRoleAll(int,int)


[INFO ] 2018-01-23 14:21:29,896 method:org.springframework.web.servlet.handler.AbstractHandlerMethodMapping$MappingRegistry.register(AbstractHandlerMethodMapping.java:527)
Mapped "{[/findByIdSysUser]}" onto public com.dawn.pojo.SysUser com.dawn.controller.SysUserController.findByIdSysRole(java.lang.Integer)


[INFO ] 2018-01-23 14:21:29,897 method:org.springframework.web.servlet.handler.AbstractHandlerMethodMapping$MappingRegistry.register(AbstractHandlerMethodMapping.java:527)
Mapped "{[/sysUser/queryByParentId]}" onto public com.dawn.util.Result com.dawn.controller.SysUserController.queryByParentId(java.lang.Integer,int,int)


[INFO ] 2018-01-23 14:21:29,897 method:org.springframework.web.servlet.handler.AbstractHandlerMethodMapping$MappingRegistry.register(AbstractHandlerMethodMapping.java:527)
Mapped "{[/teacher/saveUser]}" onto public java.util.Map com.dawn.controller.SysUserController.saveUser(com.dawn.pojo.SysUser,javax.servlet.http.HttpServletRequest)


[INFO ] 2018-01-23 14:21:29,898 method:org.springframework.web.servlet.handler.AbstractHandlerMethodMapping$MappingRegistry.register(AbstractHandlerMethodMapping.java:527)
Mapped "{[/title/tree]}" onto public java.util.List<com.dawn.util.TreePojo> com.dawn.controller.TbCategoryController.queryCategory(long)


[INFO ] 2018-01-23 14:21:29,899 method:org.springframework.web.servlet.handler.AbstractHandlerMethodMapping$MappingRegistry.register(AbstractHandlerMethodMapping.java:527)
Mapped "{[/updateTree]}" onto public com.dawn.util.MsgUtil com.dawn.controller.TbCategoryController.updateCategory(long,java.lang.String,javax.servlet.http.HttpServletRequest)


[INFO ] 2018-01-23 14:21:29,900 method:org.springframework.web.servlet.handler.AbstractHandlerMethodMapping$MappingRegistry.register(AbstractHandlerMethodMapping.java:527)
Mapped "{[/saveTree]}" onto public com.dawn.util.MsgUtil com.dawn.controller.TbCategoryController.saveCategory(long,java.lang.String,com.dawn.pojo.TbCategory)


[INFO ] 2018-01-23 14:21:29,901 method:org.springframework.web.servlet.handler.AbstractHandlerMethodMapping$MappingRegistry.register(AbstractHandlerMethodMapping.java:527)
Mapped "{[/deleteTree]}" onto public com.dawn.util.MsgUtil com.dawn.controller.TbCategoryController.deleteCategorty(long)


[INFO ] 2018-01-23 14:21:29,902 method:org.springframework.web.servlet.handler.AbstractHandlerMethodMapping$MappingRegistry.register(AbstractHandlerMethodMapping.java:527)
Mapped "{[/deleteCompany]}" onto public com.dawn.util.MsgUtil com.dawn.controller.TbCompanyController.deleteCompany(long,javax.servlet.http.HttpServletRequest)


[INFO ] 2018-01-23 14:21:29,903 method:org.springframework.web.servlet.handler.AbstractHandlerMethodMapping$MappingRegistry.register(AbstractHandlerMethodMapping.java:527)
Mapped "{[/saveCompany]}" onto public com.dawn.util.MsgUtil com.dawn.controller.TbCompanyController.saveCompany(long,java.lang.String,java.lang.String,com.dawn.pojo.TbCompany,javax.servlet.http.HttpServletRequest)


[INFO ] 2018-01-23 14:21:29,904 method:org.springframework.web.servlet.handler.AbstractHandlerMethodMapping$MappingRegistry.register(AbstractHandlerMethodMapping.java:527)
Mapped "{[/company/tree]}" onto public java.util.List<com.dawn.util.TreePojo> com.dawn.controller.TbCompanyController.queryCompany(long)


[INFO ] 2018-01-23 14:21:29,912 method:org.springframework.web.servlet.handler.AbstractHandlerMethodMapping$MappingRegistry.register(AbstractHandlerMethodMapping.java:527)
Mapped "{[/updateCompany]}" onto public com.dawn.util.MsgUtil com.dawn.controller.TbCompanyController.updateCompany(long,java.lang.String,java.lang.String,com.dawn.pojo.TbCompany,javax.servlet.http.HttpServletRequest)


[INFO ] 2018-01-23 14:21:29,922 method:org.springframework.web.servlet.handler.AbstractHandlerMethodMapping$MappingRegistry.register(AbstractHandlerMethodMapping.java:527)
Mapped "{[/company/likename/{params}],produces=[application/json;charset=utf-8]}" onto public com.dawn.util.Result com.dawn.controller.TbCompanyController.queryLike(int,int,java.lang.String,javax.servlet.http.HttpServletRequest) throws java.io.UnsupportedEncodingException


[INFO ] 2018-01-23 14:21:29,930 method:org.springframework.web.servlet.handler.AbstractHandlerMethodMapping$MappingRegistry.register(AbstractHandlerMethodMapping.java:527)
Mapped "{[/title/toTitleStatus]}" onto public java.lang.String com.dawn.controller.TbTitleController.toauditStatus3()


[INFO ] 2018-01-23 14:21:29,931 method:org.springframework.web.servlet.handler.AbstractHandlerMethodMapping$MappingRegistry.register(AbstractHandlerMethodMapping.java:527)
Mapped "{[/title/like/{categoryId}]}" onto public com.dawn.util.Result com.dawn.controller.TbTitleController.queryLike(int,int,java.lang.String,javax.servlet.http.HttpServletRequest)


[INFO ] 2018-01-23 14:21:29,931 method:org.springframework.web.servlet.handler.AbstractHandlerMethodMapping$MappingRegistry.register(AbstractHandlerMethodMapping.java:527)
Mapped "{[/title/auditStatus]}" onto public java.util.List com.dawn.controller.TbTitleController.auditStatus(java.lang.Integer)


[INFO ] 2018-01-23 14:21:29,932 method:org.springframework.web.servlet.handler.AbstractHandlerMethodMapping$MappingRegistry.register(AbstractHandlerMethodMapping.java:527)
Mapped "{[/title/list/{categoryId}]}" onto public com.dawn.util.Result com.dawn.controller.TbTitleController.getTitleList(java.lang.Long,int,int)


[INFO ] 2018-01-23 14:21:29,935 method:org.springframework.web.servlet.handler.AbstractHandlerMethodMapping$MappingRegistry.register(AbstractHandlerMethodMapping.java:527)
Mapped "{[/title/delete]}" onto public com.dawn.util.DawnResult com.dawn.controller.TbTitleController.delTitle(java.lang.String)


[INFO ] 2018-01-23 14:21:29,935 method:org.springframework.web.servlet.handler.AbstractHandlerMethodMapping$MappingRegistry.register(AbstractHandlerMethodMapping.java:527)
Mapped "{[/title/selectTitleById/{tbtitleId}]}" onto public java.util.List com.dawn.controller.TbTitleController.selectTitleById(java.lang.Long)


[INFO ] 2018-01-23 14:21:29,936 method:org.springframework.web.servlet.handler.AbstractHandlerMethodMapping$MappingRegistry.register(AbstractHandlerMethodMapping.java:527)
Mapped "{[/title/add],methods=[POST]}" onto public com.dawn.util.DawnResult com.dawn.controller.TbTitleController.addTitle(com.dawn.pojo.TbTitle,java.lang.String,javax.servlet.http.HttpServletRequest) throws java.lang.Exception


[INFO ] 2018-01-23 14:21:29,936 method:org.springframework.web.servlet.handler.AbstractHandlerMethodMapping$MappingRegistry.register(AbstractHandlerMethodMapping.java:527)
Mapped "{[/title/audits]}" onto public java.lang.String com.dawn.controller.TbTitleController.toaudit()


[INFO ] 2018-01-23 14:21:29,937 method:org.springframework.web.servlet.handler.AbstractHandlerMethodMapping$MappingRegistry.register(AbstractHandlerMethodMapping.java:527)
Mapped "{[/title/deleteStudent]}" onto public com.dawn.util.DawnResult com.dawn.controller.TbTitleController.delTitleStudent(java.lang.String,javax.servlet.http.HttpServletRequest)


[INFO ] 2018-01-23 14:21:29,938 method:org.springframework.web.servlet.handler.AbstractHandlerMethodMapping$MappingRegistry.register(AbstractHandlerMethodMapping.java:527)
Mapped "{[/title/update],methods=[POST]}" onto public com.dawn.util.DawnResult com.dawn.controller.TbTitleController.updateTitle(com.dawn.pojo.TbTitle,java.lang.String,javax.servlet.http.HttpServletRequest) throws java.lang.Exception


[INFO ] 2018-01-23 14:21:29,939 method:org.springframework.web.servlet.handler.AbstractHandlerMethodMapping$MappingRegistry.register(AbstractHandlerMethodMapping.java:527)
Mapped "{[/title/updateStudent],methods=[POST]}" onto public com.dawn.util.DawnResult com.dawn.controller.TbTitleController.updateTitles(com.dawn.pojo.TbTitle,java.lang.String,javax.servlet.http.HttpServletRequest) throws java.lang.Exception


[INFO ] 2018-01-23 14:21:29,939 method:org.springframework.web.servlet.handler.AbstractHandlerMethodMapping$MappingRegistry.register(AbstractHandlerMethodMapping.java:527)
Mapped "{[/title/audit]}" onto public java.util.List<com.dawn.pojo.TbTitleCustom> com.dawn.controller.TbTitleController.getByAuditStatu(javax.servlet.http.HttpServletRequest)


[INFO ] 2018-01-23 14:21:29,942 method:org.springframework.web.servlet.handler.AbstractHandlerMethodMapping$MappingRegistry.register(AbstractHandlerMethodMapping.java:527)
Mapped "{[/title/updateStatu]}" onto public com.dawn.util.DawnResult com.dawn.controller.TbTitleController.updateStatu(long)


[INFO ] 2018-01-23 14:21:29,943 method:org.springframework.web.servlet.handler.AbstractHandlerMethodMapping$MappingRegistry.register(AbstractHandlerMethodMapping.java:527)
Mapped "{[/title/updated]}" onto public com.dawn.util.DawnResult com.dawn.controller.TbTitleController.updateTbtitle(long,com.dawn.pojo.TbTitleCustom)


[INFO ] 2018-01-23 14:21:29,944 method:org.springframework.web.servlet.handler.AbstractHandlerMethodMapping$MappingRegistry.register(AbstractHandlerMethodMapping.java:527)
Mapped "{[/category/add],methods=[POST]}" onto public com.dawn.util.DawnResult com.dawn.controller.TbtitleHandleController.saveTitle(com.dawn.pojo.TbTitle,java.lang.String,java.lang.Long,javax.servlet.http.HttpServletRequest) throws java.lang.Exception


[INFO ] 2018-01-23 14:21:29,947 method:org.springframework.web.servlet.handler.AbstractHandlerMethodMapping$MappingRegistry.register(AbstractHandlerMethodMapping.java:527)
Mapped "{[/titledesc/{tbtitleId}]}" onto public com.dawn.dto.TitleDescDto com.dawn.controller.TitleDescController.selectByTbtitleId(long)


[INFO ] 2018-01-23 14:21:29,954 method:org.springframework.web.servlet.handler.AbstractHandlerMethodMapping$MappingRegistry.register(AbstractHandlerMethodMapping.java:527)
Mapped "{[/uploadExcel/upload],methods=[GET || POST]}" onto public java.lang.String com.dawn.controller.UploadExcelController.uploadExcel(javax.servlet.http.HttpServletRequest,org.springframework.ui.Model) throws java.lang.Exception


[INFO ] 2018-01-23 14:21:30,745 method:org.springframework.web.servlet.mvc.method.annotation.RequestMappingHandlerAdapter.initControllerAdviceCache(RequestMappingHandlerAdapter.java:532)
Looking for @ControllerAdvice: WebApplicationContext for namespace 'springmvc-servlet': startup date [Tue Jan 23 14:21:29 CST 2018]; parent: Root WebApplicationContext


[INFO ] 2018-01-23 14:21:30,855 method:org.springframework.web.servlet.mvc.method.annotation.RequestMappingHandlerAdapter.initControllerAdviceCache(RequestMappingHandlerAdapter.java:532)
Looking for @ControllerAdvice: WebApplicationContext for namespace 'springmvc-servlet': startup date [Tue Jan 23 14:21:29 CST 2018]; parent: Root WebApplicationContext


[INFO ] 2018-01-23 14:21:31,077 method:org.springframework.web.servlet.FrameworkServlet.initServletBean(FrameworkServlet.java:508)
FrameworkServlet 'springmvc': initialization completed in 2032 ms


[INFO ] 2018-01-26 08:34:48,797 method:org.springframework.web.context.ContextLoader.initWebApplicationContext(ContextLoader.java:307)
Root WebApplicationContext: initialization started


[INFO ] 2018-01-26 08:34:49,124 method:org.springframework.context.support.AbstractApplicationContext.prepareRefresh(AbstractApplicationContext.java:578)
Refreshing Root WebApplicationContext: startup date [Fri Jan 26 08:34:49 CST 2018]; root of context hierarchy


[INFO ] 2018-01-26 08:34:49,218 method:org.springframework.beans.factory.xml.XmlBeanDefinitionReader.loadBeanDefinitions(XmlBeanDefinitionReader.java:317)
Loading XML bean definitions from class path resource [spring/spring-context.xml]


[INFO ] 2018-01-26 08:34:50,715 method:org.springframework.core.io.support.PropertiesLoaderSupport.loadProperties(PropertiesLoaderSupport.java:172)
Loading properties file from class path resource [db.properties]


[INFO ] 2018-01-26 08:34:50,715 method:org.springframework.core.io.support.PropertiesLoaderSupport.loadProperties(PropertiesLoaderSupport.java:172)
Loading properties file from class path resource [url.properties]


[INFO ] 2018-01-26 08:34:50,747 method:org.springframework.beans.factory.annotation.AutowiredAnnotationBeanPostProcessor.<init>(AutowiredAnnotationBeanPostProcessor.java:153)
JSR-330 'javax.inject.Inject' annotation found and supported for autowiring


[INFO ] 2018-01-26 08:34:52,790 method:com.alibaba.druid.pool.DruidDataSource.init(DruidDataSource.java:655)
{dataSource-1} inited


[INFO ] 2018-01-26 08:34:54,834 method:org.springframework.web.context.ContextLoader.initWebApplicationContext(ContextLoader.java:347)
Root WebApplicationContext: initialization completed in 6022 ms


[INFO ] 2018-01-26 08:34:55,240 method:org.springframework.web.servlet.FrameworkServlet.initServletBean(FrameworkServlet.java:489)
FrameworkServlet 'springmvc': initialization started


[INFO ] 2018-01-26 08:34:55,240 method:org.springframework.context.support.AbstractApplicationContext.prepareRefresh(AbstractApplicationContext.java:578)
Refreshing WebApplicationContext for namespace 'springmvc-servlet': startup date [Fri Jan 26 08:34:55 CST 2018]; parent: Root WebApplicationContext


[INFO ] 2018-01-26 08:34:55,255 method:org.springframework.beans.factory.xml.XmlBeanDefinitionReader.loadBeanDefinitions(XmlBeanDefinitionReader.java:317)
Loading XML bean definitions from class path resource [spring/springmvc.xml]


[INFO ] 2018-01-26 08:34:55,739 method:org.springframework.beans.factory.annotation.AutowiredAnnotationBeanPostProcessor.<init>(AutowiredAnnotationBeanPostProcessor.java:153)
JSR-330 'javax.inject.Inject' annotation found and supported for autowiring


[INFO ] 2018-01-26 08:34:56,129 method:org.springframework.web.servlet.handler.AbstractHandlerMethodMapping$MappingRegistry.register(AbstractHandlerMethodMapping.java:527)
Mapped "{[/category/list/{companyId}]}" onto public java.util.List<com.dawn.dto.CompanyDto> com.dawn.controller.CompanyController.selectCompanyId(long)


[INFO ] 2018-01-26 08:34:56,129 method:org.springframework.web.servlet.handler.AbstractHandlerMethodMapping$MappingRegistry.register(AbstractHandlerMethodMapping.java:527)
Mapped "{[/company/toauditStatus]}" onto public java.lang.String com.dawn.controller.CompanyController.toauditStatus3()


[INFO ] 2018-01-26 08:34:56,129 method:org.springframework.web.servlet.handler.AbstractHandlerMethodMapping$MappingRegistry.register(AbstractHandlerMethodMapping.java:527)
Mapped "{[/company/delete]}" onto public com.dawn.util.MsgUtil com.dawn.controller.CompanyController.deleteCompany(long)


[INFO ] 2018-01-26 08:34:56,129 method:org.springframework.web.servlet.handler.AbstractHandlerMethodMapping$MappingRegistry.register(AbstractHandlerMethodMapping.java:527)
Mapped "{[/company/auditStatus]}" onto public java.util.List<com.dawn.pojo.TbCompany> com.dawn.controller.CompanyController.auditStatus2(java.lang.Integer)


[INFO ] 2018-01-26 08:34:56,144 method:org.springframework.web.servlet.handler.AbstractHandlerMethodMapping$MappingRegistry.register(AbstractHandlerMethodMapping.java:527)
Mapped "{[/companyTitle/selectByCompanyName/{param}]}" onto public java.util.List<com.dawn.pojo.TbCompany> com.dawn.controller.CompanyTitleController.getByName(java.lang.String,javax.servlet.http.HttpServletRequest)


[INFO ] 2018-01-26 08:34:56,144 method:org.springframework.web.servlet.handler.AbstractHandlerMethodMapping$MappingRegistry.register(AbstractHandlerMethodMapping.java:527)
Mapped "{[/companyTitle/selectByTitleId/{titleId}]}" onto public java.util.List com.dawn.controller.CompanyTitleController.getCompanyTitlebyTitleId(java.lang.Long,javax.servlet.http.HttpSession)


[INFO ] 2018-01-26 08:34:56,144 method:org.springframework.web.servlet.handler.AbstractHandlerMethodMapping$MappingRegistry.register(AbstractHandlerMethodMapping.java:527)
Mapped "{[/companyTitle/selectAllCompanyId]}" onto public java.util.List<com.dawn.pojo.TbCompany> com.dawn.controller.CompanyTitleController.selectAllCompanyId()


[INFO ] 2018-01-26 08:34:56,144 method:org.springframework.web.servlet.handler.AbstractHandlerMethodMapping$MappingRegistry.register(AbstractHandlerMethodMapping.java:527)
Mapped "{[/companyTitle/updateAskNum]}" onto public com.dawn.util.DawnResult com.dawn.controller.CompanyTitleController.updateAskNum(com.dawn.dto.CompanyTatilDto,javax.servlet.http.HttpSession)


[INFO ] 2018-01-26 08:34:56,144 method:org.springframework.web.servlet.handler.AbstractHandlerMethodMapping$MappingRegistry.register(AbstractHandlerMethodMapping.java:527)
Mapped "{[/companyTitle/insertAsk]}" onto public com.dawn.util.DawnResult com.dawn.controller.CompanyTitleController.insertAsk(com.dawn.dto.CompanyTatilDto,javax.servlet.http.HttpSession)


[INFO ] 2018-01-26 08:34:56,144 method:org.springframework.web.servlet.handler.AbstractHandlerMethodMapping$MappingRegistry.register(AbstractHandlerMethodMapping.java:527)
Mapped "{[/]}" onto public java.lang.String com.dawn.controller.Pagecontroller.index()


[INFO ] 2018-01-26 08:34:56,144 method:org.springframework.web.servlet.handler.AbstractHandlerMethodMapping$MappingRegistry.register(AbstractHandlerMethodMapping.java:527)
Mapped "{[/{page}/{categoryId}]}" onto public java.lang.String com.dawn.controller.Pagecontroller.page(java.lang.String,java.lang.String,org.springframework.ui.Model)


[INFO ] 2018-01-26 08:34:56,144 method:org.springframework.web.servlet.handler.AbstractHandlerMethodMapping$MappingRegistry.register(AbstractHandlerMethodMapping.java:527)
Mapped "{[/{page}]}" onto public java.lang.String com.dawn.controller.Pagecontroller.page(java.lang.String)


[INFO ] 2018-01-26 08:34:56,160 method:org.springframework.web.servlet.handler.AbstractHandlerMethodMapping$MappingRegistry.register(AbstractHandlerMethodMapping.java:527)
Mapped "{[/sysPsermission/selectParentIdPermission]}" onto public java.util.List<com.dawn.pojo.SysPermission> com.dawn.controller.SysPermissionController.selectParentIdPermission(int)


[INFO ] 2018-01-26 08:34:56,285 method:org.springframework.web.servlet.handler.AbstractHandlerMethodMapping$MappingRegistry.register(AbstractHandlerMethodMapping.java:527)
Mapped "{[/sysPsermission/saveTree]}" onto public java.util.Map com.dawn.controller.SysPermissionController.savePerssion(java.lang.String,java.lang.String,java.lang.Long,java.lang.String)


[INFO ] 2018-01-26 08:34:56,285 method:org.springframework.web.servlet.handler.AbstractHandlerMethodMapping$MappingRegistry.register(AbstractHandlerMethodMapping.java:527)
Mapped "{[/sysPsermission/updateTree]}" onto public java.util.Map com.dawn.controller.SysPermissionController.updateTree(java.lang.String,java.lang.String,java.lang.Integer,java.lang.String)


[INFO ] 2018-01-26 08:34:56,285 method:org.springframework.web.servlet.handler.AbstractHandlerMethodMapping$MappingRegistry.register(AbstractHandlerMethodMapping.java:527)
Mapped "{[/sysPsermission/deleteTree]}" onto public java.util.Map com.dawn.controller.SysPermissionController.deleteTree(java.lang.Integer)


[INFO ] 2018-01-26 08:34:56,300 method:org.springframework.web.servlet.handler.AbstractHandlerMethodMapping$MappingRegistry.register(AbstractHandlerMethodMapping.java:527)
Mapped "{[/sysrole/selectParentIdPermission]}" onto public java.util.List<com.dawn.pojo.SysPermission> com.dawn.controller.SysRoleController.selectParentIdPermission(int,java.lang.String)


[INFO ] 2018-01-26 08:34:56,300 method:org.springframework.web.servlet.handler.AbstractHandlerMethodMapping$MappingRegistry.register(AbstractHandlerMethodMapping.java:527)
Mapped "{[/sysrole/updateSysRole]}" onto public java.lang.String com.dawn.controller.SysRoleController.updateSysRole(java.lang.Integer,java.lang.String,java.lang.String)


[INFO ] 2018-01-26 08:34:56,300 method:org.springframework.web.servlet.handler.AbstractHandlerMethodMapping$MappingRegistry.register(AbstractHandlerMethodMapping.java:527)
Mapped "{[/sysrole/addSysRole]}" onto public java.lang.String com.dawn.controller.SysRoleController.addSysRole(java.lang.String,java.lang.String)


[INFO ] 2018-01-26 08:34:56,300 method:org.springframework.web.servlet.handler.AbstractHandlerMethodMapping$MappingRegistry.register(AbstractHandlerMethodMapping.java:527)
Mapped "{[/sysrole/deleteSysRole]}" onto public java.util.Map com.dawn.controller.SysRoleController.deleteSysRole(java.lang.String)


[INFO ] 2018-01-26 08:34:56,316 method:org.springframework.web.servlet.handler.AbstractHandlerMethodMapping$MappingRegistry.register(AbstractHandlerMethodMapping.java:527)
Mapped "{[/sysrole/findSysRoleAll]}" onto public com.dawn.util.Result com.dawn.controller.SysRoleController.findSysRoleAll(int,int)


[INFO ] 2018-01-26 08:34:56,316 method:org.springframework.web.servlet.handler.AbstractHandlerMethodMapping$MappingRegistry.register(AbstractHandlerMethodMapping.java:527)
Mapped "{[/sysrole/saveRole]}" onto public java.util.Map com.dawn.controller.SysRoleController.saveRole(java.lang.String,java.lang.String)


[INFO ] 2018-01-26 08:34:56,316 method:org.springframework.web.servlet.handler.AbstractHandlerMethodMapping$MappingRegistry.register(AbstractHandlerMethodMapping.java:527)
Mapped "{[/loginuser]}" onto public java.lang.String com.dawn.controller.SysUserController.login(java.lang.String,java.lang.String,org.springframework.ui.Model,javax.servlet.http.HttpSession)


[INFO ] 2018-01-26 08:34:56,316 method:org.springframework.web.servlet.handler.AbstractHandlerMethodMapping$MappingRegistry.register(AbstractHandlerMethodMapping.java:527)
Mapped "{[/updateSysUser]}" onto public java.lang.String com.dawn.controller.SysUserController.updateSysRole(com.dawn.pojo.SysUser)


[INFO ] 2018-01-26 08:34:56,316 method:org.springframework.web.servlet.handler.AbstractHandlerMethodMapping$MappingRegistry.register(AbstractHandlerMethodMapping.java:527)
Mapped "{[/addSysUser]}" onto public java.util.Map com.dawn.controller.SysUserController.addSysRole(com.dawn.pojo.SysUser,int)


[INFO ] 2018-01-26 08:34:56,316 method:org.springframework.web.servlet.handler.AbstractHandlerMethodMapping$MappingRegistry.register(AbstractHandlerMethodMapping.java:527)
Mapped "{[/deleteSysUser]}" onto public java.util.Map com.dawn.controller.SysUserController.deleteSysRole(java.lang.String)


[INFO ] 2018-01-26 08:34:56,316 method:org.springframework.web.servlet.handler.AbstractHandlerMethodMapping$MappingRegistry.register(AbstractHandlerMethodMapping.java:527)
Mapped "{[/findUserAll]}" onto public com.dawn.util.Result com.dawn.controller.SysUserController.findSysRoleAll(int,int)


[INFO ] 2018-01-26 08:34:56,332 method:org.springframework.web.servlet.handler.AbstractHandlerMethodMapping$MappingRegistry.register(AbstractHandlerMethodMapping.java:527)
Mapped "{[/findByIdSysUser]}" onto public com.dawn.pojo.SysUser com.dawn.controller.SysUserController.findByIdSysRole(java.lang.Integer)


[INFO ] 2018-01-26 08:34:56,332 method:org.springframework.web.servlet.handler.AbstractHandlerMethodMapping$MappingRegistry.register(AbstractHandlerMethodMapping.java:527)
Mapped "{[/sysUser/queryByParentId]}" onto public com.dawn.util.Result com.dawn.controller.SysUserController.queryByParentId(java.lang.Integer,int,int)


[INFO ] 2018-01-26 08:34:56,332 method:org.springframework.web.servlet.handler.AbstractHandlerMethodMapping$MappingRegistry.register(AbstractHandlerMethodMapping.java:527)
Mapped "{[/teacher/saveUser]}" onto public java.util.Map com.dawn.controller.SysUserController.saveUser(com.dawn.pojo.SysUser,javax.servlet.http.HttpServletRequest)


[INFO ] 2018-01-26 08:34:56,332 method:org.springframework.web.servlet.handler.AbstractHandlerMethodMapping$MappingRegistry.register(AbstractHandlerMethodMapping.java:527)
Mapped "{[/title/tree]}" onto public java.util.List<com.dawn.util.TreePojo> com.dawn.controller.TbCategoryController.queryCategory(long)


[INFO ] 2018-01-26 08:34:56,332 method:org.springframework.web.servlet.handler.AbstractHandlerMethodMapping$MappingRegistry.register(AbstractHandlerMethodMapping.java:527)
Mapped "{[/updateTree]}" onto public com.dawn.util.MsgUtil com.dawn.controller.TbCategoryController.updateCategory(long,java.lang.String,javax.servlet.http.HttpServletRequest)


[INFO ] 2018-01-26 08:34:56,332 method:org.springframework.web.servlet.handler.AbstractHandlerMethodMapping$MappingRegistry.register(AbstractHandlerMethodMapping.java:527)
Mapped "{[/saveTree]}" onto public com.dawn.util.MsgUtil com.dawn.controller.TbCategoryController.saveCategory(long,java.lang.String,com.dawn.pojo.TbCategory)


[INFO ] 2018-01-26 08:34:56,332 method:org.springframework.web.servlet.handler.AbstractHandlerMethodMapping$MappingRegistry.register(AbstractHandlerMethodMapping.java:527)
Mapped "{[/deleteTree]}" onto public com.dawn.util.MsgUtil com.dawn.controller.TbCategoryController.deleteCategorty(long)


[INFO ] 2018-01-26 08:34:56,332 method:org.springframework.web.servlet.handler.AbstractHandlerMethodMapping$MappingRegistry.register(AbstractHandlerMethodMapping.java:527)
Mapped "{[/deleteCompany]}" onto public com.dawn.util.MsgUtil com.dawn.controller.TbCompanyController.deleteCompany(long,javax.servlet.http.HttpServletRequest)


[INFO ] 2018-01-26 08:34:56,332 method:org.springframework.web.servlet.handler.AbstractHandlerMethodMapping$MappingRegistry.register(AbstractHandlerMethodMapping.java:527)
Mapped "{[/saveCompany]}" onto public com.dawn.util.MsgUtil com.dawn.controller.TbCompanyController.saveCompany(long,java.lang.String,java.lang.String,com.dawn.pojo.TbCompany,javax.servlet.http.HttpServletRequest)


[INFO ] 2018-01-26 08:34:56,332 method:org.springframework.web.servlet.handler.AbstractHandlerMethodMapping$MappingRegistry.register(AbstractHandlerMethodMapping.java:527)
Mapped "{[/company/tree]}" onto public java.util.List<com.dawn.util.TreePojo> com.dawn.controller.TbCompanyController.queryCompany(long)


[INFO ] 2018-01-26 08:34:56,332 method:org.springframework.web.servlet.handler.AbstractHandlerMethodMapping$MappingRegistry.register(AbstractHandlerMethodMapping.java:527)
Mapped "{[/updateCompany]}" onto public com.dawn.util.MsgUtil com.dawn.controller.TbCompanyController.updateCompany(long,java.lang.String,java.lang.String,com.dawn.pojo.TbCompany,javax.servlet.http.HttpServletRequest)


[INFO ] 2018-01-26 08:34:56,332 method:org.springframework.web.servlet.handler.AbstractHandlerMethodMapping$MappingRegistry.register(AbstractHandlerMethodMapping.java:527)
Mapped "{[/company/likename/{params}],produces=[application/json;charset=utf-8]}" onto public com.dawn.util.Result com.dawn.controller.TbCompanyController.queryLike(int,int,java.lang.String,javax.servlet.http.HttpServletRequest) throws java.io.UnsupportedEncodingException


[INFO ] 2018-01-26 08:34:56,347 method:org.springframework.web.servlet.handler.AbstractHandlerMethodMapping$MappingRegistry.register(AbstractHandlerMethodMapping.java:527)
Mapped "{[/title/toTitleStatus]}" onto public java.lang.String com.dawn.controller.TbTitleController.toauditStatus3()


[INFO ] 2018-01-26 08:34:56,347 method:org.springframework.web.servlet.handler.AbstractHandlerMethodMapping$MappingRegistry.register(AbstractHandlerMethodMapping.java:527)
Mapped "{[/title/like/{categoryId}]}" onto public com.dawn.util.Result com.dawn.controller.TbTitleController.queryLike(int,int,java.lang.String,javax.servlet.http.HttpServletRequest)


[INFO ] 2018-01-26 08:34:56,347 method:org.springframework.web.servlet.handler.AbstractHandlerMethodMapping$MappingRegistry.register(AbstractHandlerMethodMapping.java:527)
Mapped "{[/title/auditStatus]}" onto public java.util.List com.dawn.controller.TbTitleController.auditStatus(java.lang.Integer)


[INFO ] 2018-01-26 08:34:56,347 method:org.springframework.web.servlet.handler.AbstractHandlerMethodMapping$MappingRegistry.register(AbstractHandlerMethodMapping.java:527)
Mapped "{[/title/list/{categoryId}]}" onto public com.dawn.util.Result com.dawn.controller.TbTitleController.getTitleList(java.lang.Long,int,int)


[INFO ] 2018-01-26 08:34:56,347 method:org.springframework.web.servlet.handler.AbstractHandlerMethodMapping$MappingRegistry.register(AbstractHandlerMethodMapping.java:527)
Mapped "{[/title/delete]}" onto public com.dawn.util.DawnResult com.dawn.controller.TbTitleController.delTitle(java.lang.String)


[INFO ] 2018-01-26 08:34:56,363 method:org.springframework.web.servlet.handler.AbstractHandlerMethodMapping$MappingRegistry.register(AbstractHandlerMethodMapping.java:527)
Mapped "{[/title/selectTitleById/{tbtitleId}]}" onto public java.util.List com.dawn.controller.TbTitleController.selectTitleById(java.lang.Long)


[INFO ] 2018-01-26 08:34:56,363 method:org.springframework.web.servlet.handler.AbstractHandlerMethodMapping$MappingRegistry.register(AbstractHandlerMethodMapping.java:527)
Mapped "{[/title/add],methods=[POST]}" onto public com.dawn.util.DawnResult com.dawn.controller.TbTitleController.addTitle(com.dawn.pojo.TbTitle,java.lang.String,javax.servlet.http.HttpServletRequest) throws java.lang.Exception


[INFO ] 2018-01-26 08:34:56,363 method:org.springframework.web.servlet.handler.AbstractHandlerMethodMapping$MappingRegistry.register(AbstractHandlerMethodMapping.java:527)
Mapped "{[/title/audits]}" onto public java.lang.String com.dawn.controller.TbTitleController.toaudit()


[INFO ] 2018-01-26 08:34:56,363 method:org.springframework.web.servlet.handler.AbstractHandlerMethodMapping$MappingRegistry.register(AbstractHandlerMethodMapping.java:527)
Mapped "{[/title/deleteStudent]}" onto public com.dawn.util.DawnResult com.dawn.controller.TbTitleController.delTitleStudent(java.lang.String,javax.servlet.http.HttpServletRequest)


[INFO ] 2018-01-26 08:34:56,363 method:org.springframework.web.servlet.handler.AbstractHandlerMethodMapping$MappingRegistry.register(AbstractHandlerMethodMapping.java:527)
Mapped "{[/title/update],methods=[POST]}" onto public com.dawn.util.DawnResult com.dawn.controller.TbTitleController.updateTitle(com.dawn.pojo.TbTitle,java.lang.String,javax.servlet.http.HttpServletRequest) throws java.lang.Exception


[INFO ] 2018-01-26 08:34:56,363 method:org.springframework.web.servlet.handler.AbstractHandlerMethodMapping$MappingRegistry.register(AbstractHandlerMethodMapping.java:527)
Mapped "{[/title/updateStudent],methods=[POST]}" onto public com.dawn.util.DawnResult com.dawn.controller.TbTitleController.updateTitles(com.dawn.pojo.TbTitle,java.lang.String,javax.servlet.http.HttpServletRequest) throws java.lang.Exception


[INFO ] 2018-01-26 08:34:56,363 method:org.springframework.web.servlet.handler.AbstractHandlerMethodMapping$MappingRegistry.register(AbstractHandlerMethodMapping.java:527)
Mapped "{[/title/audit]}" onto public java.util.List<com.dawn.pojo.TbTitleCustom> com.dawn.controller.TbTitleController.getByAuditStatu(javax.servlet.http.HttpServletRequest)


[INFO ] 2018-01-26 08:34:56,363 method:org.springframework.web.servlet.handler.AbstractHandlerMethodMapping$MappingRegistry.register(AbstractHandlerMethodMapping.java:527)
Mapped "{[/title/updateStatu]}" onto public com.dawn.util.DawnResult com.dawn.controller.TbTitleController.updateStatu(long)


[INFO ] 2018-01-26 08:34:56,363 method:org.springframework.web.servlet.handler.AbstractHandlerMethodMapping$MappingRegistry.register(AbstractHandlerMethodMapping.java:527)
Mapped "{[/title/updated]}" onto public com.dawn.util.DawnResult com.dawn.controller.TbTitleController.updateTbtitle(long,com.dawn.pojo.TbTitleCustom)


[INFO ] 2018-01-26 08:34:56,363 method:org.springframework.web.servlet.handler.AbstractHandlerMethodMapping$MappingRegistry.register(AbstractHandlerMethodMapping.java:527)
Mapped "{[/category/add],methods=[POST]}" onto public com.dawn.util.DawnResult com.dawn.controller.TbtitleHandleController.saveTitle(com.dawn.pojo.TbTitle,java.lang.String,java.lang.Long,javax.servlet.http.HttpServletRequest) throws java.lang.Exception


[INFO ] 2018-01-26 08:34:56,363 method:org.springframework.web.servlet.handler.AbstractHandlerMethodMapping$MappingRegistry.register(AbstractHandlerMethodMapping.java:527)
Mapped "{[/titledesc/{tbtitleId}]}" onto public com.dawn.dto.TitleDescDto com.dawn.controller.TitleDescController.selectByTbtitleId(long)


[INFO ] 2018-01-26 08:34:56,363 method:org.springframework.web.servlet.handler.AbstractHandlerMethodMapping$MappingRegistry.register(AbstractHandlerMethodMapping.java:527)
Mapped "{[/uploadExcel/upload],methods=[GET || POST]}" onto public java.lang.String com.dawn.controller.UploadExcelController.uploadExcel(javax.servlet.http.HttpServletRequest,org.springframework.ui.Model) throws java.lang.Exception


[INFO ] 2018-01-26 08:34:57,555 method:org.springframework.web.servlet.mvc.method.annotation.RequestMappingHandlerAdapter.initControllerAdviceCache(RequestMappingHandlerAdapter.java:532)
Looking for @ControllerAdvice: WebApplicationContext for namespace 'springmvc-servlet': startup date [Fri Jan 26 08:34:55 CST 2018]; parent: Root WebApplicationContext


[INFO ] 2018-01-26 08:34:57,680 method:org.springframework.web.servlet.mvc.method.annotation.RequestMappingHandlerAdapter.initControllerAdviceCache(RequestMappingHandlerAdapter.java:532)
Looking for @ControllerAdvice: WebApplicationContext for namespace 'springmvc-servlet': startup date [Fri Jan 26 08:34:55 CST 2018]; parent: Root WebApplicationContext


[INFO ] 2018-01-26 08:34:57,851 method:org.springframework.web.servlet.FrameworkServlet.initServletBean(FrameworkServlet.java:508)
FrameworkServlet 'springmvc': initialization completed in 2611 ms


[INFO ] 2018-01-26 08:38:34,124 method:org.springframework.web.context.ContextLoader.initWebApplicationContext(ContextLoader.java:307)
Root WebApplicationContext: initialization started


[INFO ] 2018-01-26 08:38:34,483 method:org.springframework.context.support.AbstractApplicationContext.prepareRefresh(AbstractApplicationContext.java:578)
Refreshing Root WebApplicationContext: startup date [Fri Jan 26 08:38:34 CST 2018]; root of context hierarchy


[INFO ] 2018-01-26 08:38:34,561 method:org.springframework.beans.factory.xml.XmlBeanDefinitionReader.loadBeanDefinitions(XmlBeanDefinitionReader.java:317)
Loading XML bean definitions from class path resource [spring/spring-context.xml]


[INFO ] 2018-01-26 08:38:35,746 method:org.springframework.core.io.support.PropertiesLoaderSupport.loadProperties(PropertiesLoaderSupport.java:172)
Loading properties file from class path resource [db.properties]


[INFO ] 2018-01-26 08:38:35,746 method:org.springframework.core.io.support.PropertiesLoaderSupport.loadProperties(PropertiesLoaderSupport.java:172)
Loading properties file from class path resource [url.properties]


[INFO ] 2018-01-26 08:38:35,762 method:org.springframework.beans.factory.annotation.AutowiredAnnotationBeanPostProcessor.<init>(AutowiredAnnotationBeanPostProcessor.java:153)
JSR-330 'javax.inject.Inject' annotation found and supported for autowiring


[INFO ] 2018-01-26 08:38:37,525 method:com.alibaba.druid.pool.DruidDataSource.init(DruidDataSource.java:655)
{dataSource-1} inited


[INFO ] 2018-01-26 08:38:40,146 method:org.springframework.web.context.ContextLoader.initWebApplicationContext(ContextLoader.java:347)
Root WebApplicationContext: initialization completed in 6022 ms


[INFO ] 2018-01-26 08:38:40,302 method:org.springframework.web.servlet.FrameworkServlet.initServletBean(FrameworkServlet.java:489)
FrameworkServlet 'springmvc': initialization started


[INFO ] 2018-01-26 08:38:40,302 method:org.springframework.context.support.AbstractApplicationContext.prepareRefresh(AbstractApplicationContext.java:578)
Refreshing WebApplicationContext for namespace 'springmvc-servlet': startup date [Fri Jan 26 08:38:40 CST 2018]; parent: Root WebApplicationContext


[INFO ] 2018-01-26 08:38:40,302 method:org.springframework.beans.factory.xml.XmlBeanDefinitionReader.loadBeanDefinitions(XmlBeanDefinitionReader.java:317)
Loading XML bean definitions from class path resource [spring/springmvc.xml]


[INFO ] 2018-01-26 08:38:40,910 method:org.springframework.beans.factory.annotation.AutowiredAnnotationBeanPostProcessor.<init>(AutowiredAnnotationBeanPostProcessor.java:153)
JSR-330 'javax.inject.Inject' annotation found and supported for autowiring


[INFO ] 2018-01-26 08:38:41,394 method:org.springframework.web.servlet.handler.AbstractHandlerMethodMapping$MappingRegistry.register(AbstractHandlerMethodMapping.java:527)
Mapped "{[/category/list/{companyId}]}" onto public java.util.List<com.dawn.dto.CompanyDto> com.dawn.controller.CompanyController.selectCompanyId(long)


[INFO ] 2018-01-26 08:38:41,394 method:org.springframework.web.servlet.handler.AbstractHandlerMethodMapping$MappingRegistry.register(AbstractHandlerMethodMapping.java:527)
Mapped "{[/company/toauditStatus]}" onto public java.lang.String com.dawn.controller.CompanyController.toauditStatus3()


[INFO ] 2018-01-26 08:38:41,394 method:org.springframework.web.servlet.handler.AbstractHandlerMethodMapping$MappingRegistry.register(AbstractHandlerMethodMapping.java:527)
Mapped "{[/company/delete]}" onto public com.dawn.util.MsgUtil com.dawn.controller.CompanyController.deleteCompany(long)


[INFO ] 2018-01-26 08:38:41,394 method:org.springframework.web.servlet.handler.AbstractHandlerMethodMapping$MappingRegistry.register(AbstractHandlerMethodMapping.java:527)
Mapped "{[/company/auditStatus]}" onto public java.util.List<com.dawn.pojo.TbCompany> com.dawn.controller.CompanyController.auditStatus2(java.lang.Integer)


[INFO ] 2018-01-26 08:38:41,394 method:org.springframework.web.servlet.handler.AbstractHandlerMethodMapping$MappingRegistry.register(AbstractHandlerMethodMapping.java:527)
Mapped "{[/companyTitle/selectByCompanyName/{param}]}" onto public java.util.List<com.dawn.pojo.TbCompany> com.dawn.controller.CompanyTitleController.getByName(java.lang.String,javax.servlet.http.HttpServletRequest)


[INFO ] 2018-01-26 08:38:41,394 method:org.springframework.web.servlet.handler.AbstractHandlerMethodMapping$MappingRegistry.register(AbstractHandlerMethodMapping.java:527)
Mapped "{[/companyTitle/updateAskNum]}" onto public com.dawn.util.DawnResult com.dawn.controller.CompanyTitleController.updateAskNum(com.dawn.dto.CompanyTatilDto,javax.servlet.http.HttpSession)


[INFO ] 2018-01-26 08:38:41,394 method:org.springframework.web.servlet.handler.AbstractHandlerMethodMapping$MappingRegistry.register(AbstractHandlerMethodMapping.java:527)
Mapped "{[/companyTitle/insertAsk]}" onto public com.dawn.util.DawnResult com.dawn.controller.CompanyTitleController.insertAsk(com.dawn.dto.CompanyTatilDto,javax.servlet.http.HttpSession)


[INFO ] 2018-01-26 08:38:41,394 method:org.springframework.web.servlet.handler.AbstractHandlerMethodMapping$MappingRegistry.register(AbstractHandlerMethodMapping.java:527)
Mapped "{[/companyTitle/selectByTitleId/{titleId}]}" onto public java.util.List com.dawn.controller.CompanyTitleController.getCompanyTitlebyTitleId(java.lang.Long,javax.servlet.http.HttpSession)


[INFO ] 2018-01-26 08:38:41,394 method:org.springframework.web.servlet.handler.AbstractHandlerMethodMapping$MappingRegistry.register(AbstractHandlerMethodMapping.java:527)
Mapped "{[/companyTitle/selectAllCompanyId]}" onto public java.util.List<com.dawn.pojo.TbCompany> com.dawn.controller.CompanyTitleController.selectAllCompanyId()


[INFO ] 2018-01-26 08:38:41,409 method:org.springframework.web.servlet.handler.AbstractHandlerMethodMapping$MappingRegistry.register(AbstractHandlerMethodMapping.java:527)
Mapped "{[/]}" onto public java.lang.String com.dawn.controller.Pagecontroller.index()


[INFO ] 2018-01-26 08:38:41,409 method:org.springframework.web.servlet.handler.AbstractHandlerMethodMapping$MappingRegistry.register(AbstractHandlerMethodMapping.java:527)
Mapped "{[/{page}/{categoryId}]}" onto public java.lang.String com.dawn.controller.Pagecontroller.page(java.lang.String,java.lang.String,org.springframework.ui.Model)


[INFO ] 2018-01-26 08:38:41,409 method:org.springframework.web.servlet.handler.AbstractHandlerMethodMapping$MappingRegistry.register(AbstractHandlerMethodMapping.java:527)
Mapped "{[/{page}]}" onto public java.lang.String com.dawn.controller.Pagecontroller.page(java.lang.String)


[INFO ] 2018-01-26 08:38:41,409 method:org.springframework.web.servlet.handler.AbstractHandlerMethodMapping$MappingRegistry.register(AbstractHandlerMethodMapping.java:527)
Mapped "{[/sysPsermission/saveTree]}" onto public java.util.Map com.dawn.controller.SysPermissionController.savePerssion(java.lang.String,java.lang.String,java.lang.Long,java.lang.String)


[INFO ] 2018-01-26 08:38:41,409 method:org.springframework.web.servlet.handler.AbstractHandlerMethodMapping$MappingRegistry.register(AbstractHandlerMethodMapping.java:527)
Mapped "{[/sysPsermission/updateTree]}" onto public java.util.Map com.dawn.controller.SysPermissionController.updateTree(java.lang.String,java.lang.String,java.lang.Integer,java.lang.String)


[INFO ] 2018-01-26 08:38:41,440 method:org.springframework.web.servlet.handler.AbstractHandlerMethodMapping$MappingRegistry.register(AbstractHandlerMethodMapping.java:527)
Mapped "{[/sysPsermission/deleteTree]}" onto public java.util.Map com.dawn.controller.SysPermissionController.deleteTree(java.lang.Integer)


[INFO ] 2018-01-26 08:38:41,440 method:org.springframework.web.servlet.handler.AbstractHandlerMethodMapping$MappingRegistry.register(AbstractHandlerMethodMapping.java:527)
Mapped "{[/sysPsermission/selectParentIdPermission]}" onto public java.util.List<com.dawn.pojo.SysPermission> com.dawn.controller.SysPermissionController.selectParentIdPermission(int)


[INFO ] 2018-01-26 08:38:41,456 method:org.springframework.web.servlet.handler.AbstractHandlerMethodMapping$MappingRegistry.register(AbstractHandlerMethodMapping.java:527)
Mapped "{[/sysrole/updateSysRole]}" onto public java.lang.String com.dawn.controller.SysRoleController.updateSysRole(java.lang.Integer,java.lang.String,java.lang.String)


[INFO ] 2018-01-26 08:38:41,456 method:org.springframework.web.servlet.handler.AbstractHandlerMethodMapping$MappingRegistry.register(AbstractHandlerMethodMapping.java:527)
Mapped "{[/sysrole/addSysRole]}" onto public java.lang.String com.dawn.controller.SysRoleController.addSysRole(java.lang.String,java.lang.String)


[INFO ] 2018-01-26 08:38:41,456 method:org.springframework.web.servlet.handler.AbstractHandlerMethodMapping$MappingRegistry.register(AbstractHandlerMethodMapping.java:527)
Mapped "{[/sysrole/deleteSysRole]}" onto public java.util.Map com.dawn.controller.SysRoleController.deleteSysRole(java.lang.String)


[INFO ] 2018-01-26 08:38:41,456 method:org.springframework.web.servlet.handler.AbstractHandlerMethodMapping$MappingRegistry.register(AbstractHandlerMethodMapping.java:527)
Mapped "{[/sysrole/findSysRoleAll]}" onto public com.dawn.util.Result com.dawn.controller.SysRoleController.findSysRoleAll(int,int)


[INFO ] 2018-01-26 08:38:41,456 method:org.springframework.web.servlet.handler.AbstractHandlerMethodMapping$MappingRegistry.register(AbstractHandlerMethodMapping.java:527)
Mapped "{[/sysrole/saveRole]}" onto public java.util.Map com.dawn.controller.SysRoleController.saveRole(java.lang.String,java.lang.String)


[INFO ] 2018-01-26 08:38:41,472 method:org.springframework.web.servlet.handler.AbstractHandlerMethodMapping$MappingRegistry.register(AbstractHandlerMethodMapping.java:527)
Mapped "{[/sysrole/selectParentIdPermission]}" onto public java.util.List<com.dawn.pojo.SysPermission> com.dawn.controller.SysRoleController.selectParentIdPermission(int,java.lang.String)


[INFO ] 2018-01-26 08:38:41,472 method:org.springframework.web.servlet.handler.AbstractHandlerMethodMapping$MappingRegistry.register(AbstractHandlerMethodMapping.java:527)
Mapped "{[/loginuser]}" onto public java.lang.String com.dawn.controller.SysUserController.login(java.lang.String,java.lang.String,org.springframework.ui.Model,javax.servlet.http.HttpSession)


[INFO ] 2018-01-26 08:38:41,472 method:org.springframework.web.servlet.handler.AbstractHandlerMethodMapping$MappingRegistry.register(AbstractHandlerMethodMapping.java:527)
Mapped "{[/updateSysUser]}" onto public java.lang.String com.dawn.controller.SysUserController.updateSysRole(com.dawn.pojo.SysUser)


[INFO ] 2018-01-26 08:38:41,472 method:org.springframework.web.servlet.handler.AbstractHandlerMethodMapping$MappingRegistry.register(AbstractHandlerMethodMapping.java:527)
Mapped "{[/addSysUser]}" onto public java.util.Map com.dawn.controller.SysUserController.addSysRole(com.dawn.pojo.SysUser,int)


[INFO ] 2018-01-26 08:38:41,472 method:org.springframework.web.servlet.handler.AbstractHandlerMethodMapping$MappingRegistry.register(AbstractHandlerMethodMapping.java:527)
Mapped "{[/deleteSysUser]}" onto public java.util.Map com.dawn.controller.SysUserController.deleteSysRole(java.lang.String)


[INFO ] 2018-01-26 08:38:41,472 method:org.springframework.web.servlet.handler.AbstractHandlerMethodMapping$MappingRegistry.register(AbstractHandlerMethodMapping.java:527)
Mapped "{[/findUserAll]}" onto public com.dawn.util.Result com.dawn.controller.SysUserController.findSysRoleAll(int,int)


[INFO ] 2018-01-26 08:38:41,472 method:org.springframework.web.servlet.handler.AbstractHandlerMethodMapping$MappingRegistry.register(AbstractHandlerMethodMapping.java:527)
Mapped "{[/findByIdSysUser]}" onto public com.dawn.pojo.SysUser com.dawn.controller.SysUserController.findByIdSysRole(java.lang.Integer)


[INFO ] 2018-01-26 08:38:41,472 method:org.springframework.web.servlet.handler.AbstractHandlerMethodMapping$MappingRegistry.register(AbstractHandlerMethodMapping.java:527)
Mapped "{[/sysUser/queryByParentId]}" onto public com.dawn.util.Result com.dawn.controller.SysUserController.queryByParentId(java.lang.Integer,int,int)


[INFO ] 2018-01-26 08:38:41,472 method:org.springframework.web.servlet.handler.AbstractHandlerMethodMapping$MappingRegistry.register(AbstractHandlerMethodMapping.java:527)
Mapped "{[/teacher/saveUser]}" onto public java.util.Map com.dawn.controller.SysUserController.saveUser(com.dawn.pojo.SysUser,javax.servlet.http.HttpServletRequest)


[INFO ] 2018-01-26 08:38:41,472 method:org.springframework.web.servlet.handler.AbstractHandlerMethodMapping$MappingRegistry.register(AbstractHandlerMethodMapping.java:527)
Mapped "{[/title/tree]}" onto public java.util.List<com.dawn.util.TreePojo> com.dawn.controller.TbCategoryController.queryCategory(long)


[INFO ] 2018-01-26 08:38:41,472 method:org.springframework.web.servlet.handler.AbstractHandlerMethodMapping$MappingRegistry.register(AbstractHandlerMethodMapping.java:527)
Mapped "{[/updateTree]}" onto public com.dawn.util.MsgUtil com.dawn.controller.TbCategoryController.updateCategory(long,java.lang.String,javax.servlet.http.HttpServletRequest)


[INFO ] 2018-01-26 08:38:41,472 method:org.springframework.web.servlet.handler.AbstractHandlerMethodMapping$MappingRegistry.register(AbstractHandlerMethodMapping.java:527)
Mapped "{[/saveTree]}" onto public com.dawn.util.MsgUtil com.dawn.controller.TbCategoryController.saveCategory(long,java.lang.String,com.dawn.pojo.TbCategory)


[INFO ] 2018-01-26 08:38:41,472 method:org.springframework.web.servlet.handler.AbstractHandlerMethodMapping$MappingRegistry.register(AbstractHandlerMethodMapping.java:527)
Mapped "{[/deleteTree]}" onto public com.dawn.util.MsgUtil com.dawn.controller.TbCategoryController.deleteCategorty(long)


[INFO ] 2018-01-26 08:38:41,518 method:org.springframework.web.servlet.handler.AbstractHandlerMethodMapping$MappingRegistry.register(AbstractHandlerMethodMapping.java:527)
Mapped "{[/deleteCompany]}" onto public com.dawn.util.MsgUtil com.dawn.controller.TbCompanyController.deleteCompany(long,javax.servlet.http.HttpServletRequest)


[INFO ] 2018-01-26 08:38:41,518 method:org.springframework.web.servlet.handler.AbstractHandlerMethodMapping$MappingRegistry.register(AbstractHandlerMethodMapping.java:527)
Mapped "{[/saveCompany]}" onto public com.dawn.util.MsgUtil com.dawn.controller.TbCompanyController.saveCompany(long,java.lang.String,java.lang.String,com.dawn.pojo.TbCompany,javax.servlet.http.HttpServletRequest)


[INFO ] 2018-01-26 08:38:41,518 method:org.springframework.web.servlet.handler.AbstractHandlerMethodMapping$MappingRegistry.register(AbstractHandlerMethodMapping.java:527)
Mapped "{[/company/tree]}" onto public java.util.List<com.dawn.util.TreePojo> com.dawn.controller.TbCompanyController.queryCompany(long)


[INFO ] 2018-01-26 08:38:41,518 method:org.springframework.web.servlet.handler.AbstractHandlerMethodMapping$MappingRegistry.register(AbstractHandlerMethodMapping.java:527)
Mapped "{[/updateCompany]}" onto public com.dawn.util.MsgUtil com.dawn.controller.TbCompanyController.updateCompany(long,java.lang.String,java.lang.String,com.dawn.pojo.TbCompany,javax.servlet.http.HttpServletRequest)


[INFO ] 2018-01-26 08:38:41,518 method:org.springframework.web.servlet.handler.AbstractHandlerMethodMapping$MappingRegistry.register(AbstractHandlerMethodMapping.java:527)
Mapped "{[/company/likename/{params}],produces=[application/json;charset=utf-8]}" onto public com.dawn.util.Result com.dawn.controller.TbCompanyController.queryLike(int,int,java.lang.String,javax.servlet.http.HttpServletRequest) throws java.io.UnsupportedEncodingException


[INFO ] 2018-01-26 08:38:41,518 method:org.springframework.web.servlet.handler.AbstractHandlerMethodMapping$MappingRegistry.register(AbstractHandlerMethodMapping.java:527)
Mapped "{[/title/toTitleStatus]}" onto public java.lang.String com.dawn.controller.TbTitleController.toauditStatus3()


[INFO ] 2018-01-26 08:38:41,518 method:org.springframework.web.servlet.handler.AbstractHandlerMethodMapping$MappingRegistry.register(AbstractHandlerMethodMapping.java:527)
Mapped "{[/title/like/{categoryId}]}" onto public com.dawn.util.Result com.dawn.controller.TbTitleController.queryLike(int,int,java.lang.String,javax.servlet.http.HttpServletRequest)


[INFO ] 2018-01-26 08:38:41,518 method:org.springframework.web.servlet.handler.AbstractHandlerMethodMapping$MappingRegistry.register(AbstractHandlerMethodMapping.java:527)
Mapped "{[/title/auditStatus]}" onto public java.util.List com.dawn.controller.TbTitleController.auditStatus(java.lang.Integer)


[INFO ] 2018-01-26 08:38:41,518 method:org.springframework.web.servlet.handler.AbstractHandlerMethodMapping$MappingRegistry.register(AbstractHandlerMethodMapping.java:527)
Mapped "{[/title/list/{categoryId}]}" onto public com.dawn.util.Result com.dawn.controller.TbTitleController.getTitleList(java.lang.Long,int,int)


[INFO ] 2018-01-26 08:38:41,518 method:org.springframework.web.servlet.handler.AbstractHandlerMethodMapping$MappingRegistry.register(AbstractHandlerMethodMapping.java:527)
Mapped "{[/title/delete]}" onto public com.dawn.util.DawnResult com.dawn.controller.TbTitleController.delTitle(java.lang.String)


[INFO ] 2018-01-26 08:38:41,518 method:org.springframework.web.servlet.handler.AbstractHandlerMethodMapping$MappingRegistry.register(AbstractHandlerMethodMapping.java:527)
Mapped "{[/title/selectTitleById/{tbtitleId}]}" onto public java.util.List com.dawn.controller.TbTitleController.selectTitleById(java.lang.Long)


[INFO ] 2018-01-26 08:38:41,518 method:org.springframework.web.servlet.handler.AbstractHandlerMethodMapping$MappingRegistry.register(AbstractHandlerMethodMapping.java:527)
Mapped "{[/title/add],methods=[POST]}" onto public com.dawn.util.DawnResult com.dawn.controller.TbTitleController.addTitle(com.dawn.pojo.TbTitle,java.lang.String,javax.servlet.http.HttpServletRequest) throws java.lang.Exception


[INFO ] 2018-01-26 08:38:41,518 method:org.springframework.web.servlet.handler.AbstractHandlerMethodMapping$MappingRegistry.register(AbstractHandlerMethodMapping.java:527)
Mapped "{[/title/audits]}" onto public java.lang.String com.dawn.controller.TbTitleController.toaudit()


[INFO ] 2018-01-26 08:38:41,534 method:org.springframework.web.servlet.handler.AbstractHandlerMethodMapping$MappingRegistry.register(AbstractHandlerMethodMapping.java:527)
Mapped "{[/title/deleteStudent]}" onto public com.dawn.util.DawnResult com.dawn.controller.TbTitleController.delTitleStudent(java.lang.String,javax.servlet.http.HttpServletRequest)


[INFO ] 2018-01-26 08:38:41,534 method:org.springframework.web.servlet.handler.AbstractHandlerMethodMapping$MappingRegistry.register(AbstractHandlerMethodMapping.java:527)
Mapped "{[/title/update],methods=[POST]}" onto public com.dawn.util.DawnResult com.dawn.controller.TbTitleController.updateTitle(com.dawn.pojo.TbTitle,java.lang.String,javax.servlet.http.HttpServletRequest) throws java.lang.Exception


[INFO ] 2018-01-26 08:38:41,534 method:org.springframework.web.servlet.handler.AbstractHandlerMethodMapping$MappingRegistry.register(AbstractHandlerMethodMapping.java:527)
Mapped "{[/title/updateStudent],methods=[POST]}" onto public com.dawn.util.DawnResult com.dawn.controller.TbTitleController.updateTitles(com.dawn.pojo.TbTitle,java.lang.String,javax.servlet.http.HttpServletRequest) throws java.lang.Exception


[INFO ] 2018-01-26 08:38:41,534 method:org.springframework.web.servlet.handler.AbstractHandlerMethodMapping$MappingRegistry.register(AbstractHandlerMethodMapping.java:527)
Mapped "{[/title/audit]}" onto public java.util.List<com.dawn.pojo.TbTitleCustom> com.dawn.controller.TbTitleController.getByAuditStatu(javax.servlet.http.HttpServletRequest)


[INFO ] 2018-01-26 08:38:41,534 method:org.springframework.web.servlet.handler.AbstractHandlerMethodMapping$MappingRegistry.register(AbstractHandlerMethodMapping.java:527)
Mapped "{[/title/updateStatu]}" onto public com.dawn.util.DawnResult com.dawn.controller.TbTitleController.updateStatu(long)


[INFO ] 2018-01-26 08:38:41,534 method:org.springframework.web.servlet.handler.AbstractHandlerMethodMapping$MappingRegistry.register(AbstractHandlerMethodMapping.java:527)
Mapped "{[/title/updated]}" onto public com.dawn.util.DawnResult com.dawn.controller.TbTitleController.updateTbtitle(long,com.dawn.pojo.TbTitleCustom)


[INFO ] 2018-01-26 08:38:41,534 method:org.springframework.web.servlet.handler.AbstractHandlerMethodMapping$MappingRegistry.register(AbstractHandlerMethodMapping.java:527)
Mapped "{[/category/add],methods=[POST]}" onto public com.dawn.util.DawnResult com.dawn.controller.TbtitleHandleController.saveTitle(com.dawn.pojo.TbTitle,java.lang.String,java.lang.Long,javax.servlet.http.HttpServletRequest) throws java.lang.Exception


[INFO ] 2018-01-26 08:38:41,534 method:org.springframework.web.servlet.handler.AbstractHandlerMethodMapping$MappingRegistry.register(AbstractHandlerMethodMapping.java:527)
Mapped "{[/titledesc/{tbtitleId}]}" onto public com.dawn.dto.TitleDescDto com.dawn.controller.TitleDescController.selectByTbtitleId(long)


[INFO ] 2018-01-26 08:38:41,534 method:org.springframework.web.servlet.handler.AbstractHandlerMethodMapping$MappingRegistry.register(AbstractHandlerMethodMapping.java:527)
Mapped "{[/uploadExcel/upload],methods=[GET || POST]}" onto public java.lang.String com.dawn.controller.UploadExcelController.uploadExcel(javax.servlet.http.HttpServletRequest,org.springframework.ui.Model) throws java.lang.Exception


[INFO ] 2018-01-26 08:38:42,198 method:org.springframework.web.servlet.mvc.method.annotation.RequestMappingHandlerAdapter.initControllerAdviceCache(RequestMappingHandlerAdapter.java:532)
Looking for @ControllerAdvice: WebApplicationContext for namespace 'springmvc-servlet': startup date [Fri Jan 26 08:38:40 CST 2018]; parent: Root WebApplicationContext


[INFO ] 2018-01-26 08:38:42,310 method:org.springframework.web.servlet.mvc.method.annotation.RequestMappingHandlerAdapter.initControllerAdviceCache(RequestMappingHandlerAdapter.java:532)
Looking for @ControllerAdvice: WebApplicationContext for namespace 'springmvc-servlet': startup date [Fri Jan 26 08:38:40 CST 2018]; parent: Root WebApplicationContext


[INFO ] 2018-01-26 08:38:42,571 method:org.springframework.web.servlet.FrameworkServlet.initServletBean(FrameworkServlet.java:508)
FrameworkServlet 'springmvc': initialization completed in 2269 ms
